<?xml version="1.0" encoding="UTF-8"?>
<testsuite xmlns:xsi="http://www.w3.org/2001/XMLSchema-instance" xsi:noNamespaceSchemaLocation="https://maven.apache.org/surefire/maven-surefire-plugin/xsd/surefire-test-report-3.0.xsd" version="3.0" name="com.runner.TestRunner" time="50.586" tests="2" errors="0" skipped="0" failures="0">
  <properties>
[...]
</properties>
  <testcase name="User should able to provide the valid details." classname="User should able to book a room in adactin." time="25.491">
    <system-out><![CDATA[CONFIRMATION CODE :B61776U23U
]]></system-out>
    <system-err><![CDATA[ChromeDriver was started successfully.
May 15, 2021 12:42:52 PM org.openqa.selenium.remote.ProtocolHandshake createSession
INFO: Detected dialect: W3C
]]></system-err>
  </testcase>
  <testcase name="User should able to provide the valid details." classname="User should able to book a room in adactin." time="20.289">
    <system-out><![CDATA[CONFIRMATION CODE :PRBI53950Y
]]></system-out>
    <system-err><![CDATA[ChromeDriver was started successfully.
May 15, 2021 12:43:11 PM org.openqa.selenium.remote.ProtocolHandshake createSession
INFO: Detected dialect: W3C
]]></system-err>
  </testcase>
</testsuite>